<?xml version="1.0" encoding="UTF-8"?><testsuite errors="0" failures="0" name="io.cucumber.core.plugin.JUnitFormatter" skipped="0" tests="11" time="154.919">
<testcase classname="Pet Store Website" name="Register to the Pet Store website" time="44.101">
<system-out><![CDATA[Given the user launch the browser...........................................passed
When the user open the Pet Store Home page using the link...................passed
And the user enters the details to register.................................passed
Then the user clicks on register button.....................................passed
Then the user lands on the Home page to signin..............................passed
]]></system-out>
</testcase>
<testcase classname="Pet Store Website" name="Login to the Pet Store website with valid credentials" time="18.912">
<system-out><![CDATA[Given the user launches the browser.........................................passed
When the user open PetStore HomePage using the link.........................passed
And the user enters valid "test" and "test".................................passed
Then the user clicks on login button........................................passed
Then the user lands on the Welcome page.....................................passed
]]></system-out>
</testcase>
<testcase classname="Pet Store Website" name="Login to the Pet Store website with valid credentials 2" time="9.183">
<system-out><![CDATA[Given the user launches the browser.........................................passed
When the user open PetStore HomePage using the link.........................passed
And the user enters valid "test1" and "test1"...............................passed
Then the user clicks on login button........................................passed
Then the user lands on the Welcome page.....................................passed
]]></system-out>
</testcase>
<testcase classname="Pet Store Website" name="Login to the Pet Store website with valid credentials 3" time="10.674">
<system-out><![CDATA[Given the user launches the browser.........................................passed
When the user open PetStore HomePage using the link.........................passed
And the user enters valid "test2" and "test2"...............................passed
Then the user clicks on login button........................................passed
Then the user lands on the Welcome page.....................................passed
]]></system-out>
</testcase>
<testcase classname="Pet Store Website" name="Login to the Pet Store website with valid credentials 4" time="10.255">
<system-out><![CDATA[Given the user launches the browser.........................................passed
When the user open PetStore HomePage using the link.........................passed
And the user enters valid "test3" and "test3"...............................passed
Then the user clicks on login button........................................passed
Then the user lands on the Welcome page.....................................passed
]]></system-out>
</testcase>
<testcase classname="Pet Store Website" name="Login to the Pet Store website with valid credentials 5" time="9.211">
<system-out><![CDATA[Given the user launches the browser.........................................passed
When the user open PetStore HomePage using the link.........................passed
And the user enters valid "test4" and "test4"...............................passed
Then the user clicks on login button........................................passed
Then the user lands on the Welcome page.....................................passed
]]></system-out>
</testcase>
<testcase classname="Pet Store Website" name="Login to the Pet Store website with invalid credentials" time="11.673">
<system-out><![CDATA[Given the user will launch the browser......................................passed
When the user open the Pet Store Home page through the link.................passed
And the user enters invalid credentials.....................................passed
Then the user will click on login button....................................passed
Then it gives error message that the credentials are invalid................passed
]]></system-out>
</testcase>
<testcase classname="Pet Store Website" name="Login and search for different pets" time="9.283">
<system-out><![CDATA[Given the user will launches the browser....................................passed
When the user loggedin using valid credentials..............................passed
And the user search different types of pets.................................passed
Then the user lands on the searched pets....................................passed
]]></system-out>
</testcase>
<testcase classname="Pet Store Website" name="Login and select a pet and add it to the cart and then logout" time="12.325">
<system-out><![CDATA[Given user launches the browser.............................................passed
When user loggedin using valid credentials..................................passed
And user search different types of pets and clicks on the specific pet......passed
Then user lands on the Shopping cart page...................................passed
]]></system-out>
</testcase>
<testcase classname="Pet Store Website" name="Search for a pet and update and then logout" time="10.297">
<system-out><![CDATA[Given I launch the browser..................................................passed
When I Search the pet without logging_in....................................passed
And I click on a certain pet which lands on Shopping Cart...................passed
Then I click on update and click on return to menu and then quit the browser.passed
]]></system-out>
</testcase>
<testcase classname="Pet Store Website" name="Automate help section" time="7.763">
<system-out><![CDATA[Given I will launch the browser.............................................passed
When I will launch the website..............................................passed
And I will click on the help section........................................passed
Then I will click on a specific issue and then quit.........................passed
]]></system-out>
</testcase>
</testsuite>
